2019-08-15 03:14:31.481+0000 WARN [o.n.i.p.PageCache] The dbms.memory.pagecache.size setting has not been configured. It is recommended that this setting is always explicitly configured, to ensure the system has a balanced configuration. Until then, a computed heuristic value of 3340500992 bytes will be used instead. Run `neo4j-admin memrec` for memory configuration suggestions.
2019-08-15 03:14:31.925+0000 INFO [o.n.k.i.f.CommunityEditionModule] No locking implementation specified, defaulting to 'community'
2019-08-15 03:14:32.153+0000 INFO [o.n.k.AvailabilityGuard] Requirement makes database unavailable: Database available
2019-08-15 03:14:32.175+0000 INFO [o.n.k.i.DiagnosticsManager] --- INITIALIZED diagnostics START ---
2019-08-15 03:14:32.175+0000 INFO [o.n.k.i.DiagnosticsManager] Neo4j Kernel properties:
2019-08-15 03:14:32.175+0000 INFO [o.n.k.i.DiagnosticsManager] unsupported.dbms.directories.neo4j_home=/Users/locpv/Study/GitGraph/null.db
2019-08-15 03:14:32.176+0000 INFO [o.n.k.i.DiagnosticsManager] unsupported.dbms.edition=community
2019-08-15 03:14:32.176+0000 INFO [o.n.k.i.DiagnosticsManager] unsupported.dbms.ephemeral=false
2019-08-15 03:14:32.176+0000 INFO [o.n.k.i.DiagnosticsManager] Diagnostics providers:
2019-08-15 03:14:32.179+0000 INFO [o.n.k.i.DiagnosticsManager] org.neo4j.kernel.configuration.Config
2019-08-15 03:14:32.179+0000 INFO [o.n.k.i.DiagnosticsManager] org.neo4j.kernel.info.DiagnosticsManager
2019-08-15 03:14:32.179+0000 INFO [o.n.k.i.DiagnosticsManager] SYSTEM_MEMORY
2019-08-15 03:14:32.180+0000 INFO [o.n.k.i.DiagnosticsManager] JAVA_MEMORY
2019-08-15 03:14:32.180+0000 INFO [o.n.k.i.DiagnosticsManager] OPERATING_SYSTEM
2019-08-15 03:14:32.180+0000 INFO [o.n.k.i.DiagnosticsManager] JAVA_VIRTUAL_MACHINE
2019-08-15 03:14:32.180+0000 INFO [o.n.k.i.DiagnosticsManager] CLASSPATH
2019-08-15 03:14:32.181+0000 INFO [o.n.k.i.DiagnosticsManager] LIBRARY_PATH
2019-08-15 03:14:32.181+0000 INFO [o.n.k.i.DiagnosticsManager] SYSTEM_PROPERTIES
2019-08-15 03:14:32.181+0000 INFO [o.n.k.i.DiagnosticsManager] TIMEZONE_DATABASE
2019-08-15 03:14:32.181+0000 INFO [o.n.k.i.DiagnosticsManager] NETWORK
2019-08-15 03:14:32.182+0000 INFO [o.n.k.i.DiagnosticsManager] System memory information:
2019-08-15 03:14:32.184+0000 INFO [o.n.k.i.DiagnosticsManager] Total Physical memory: 8.00 GB
2019-08-15 03:14:32.186+0000 INFO [o.n.k.i.DiagnosticsManager] Free Physical memory: 331.06 MB
2019-08-15 03:14:32.187+0000 INFO [o.n.k.i.DiagnosticsManager] Committed virtual memory: 7.51 GB
2019-08-15 03:14:32.188+0000 INFO [o.n.k.i.DiagnosticsManager] Total swap space: 1.00 GB
2019-08-15 03:14:32.190+0000 INFO [o.n.k.i.DiagnosticsManager] Free swap space: 1002.25 MB
2019-08-15 03:14:32.190+0000 INFO [o.n.k.i.DiagnosticsManager] JVM memory information:
2019-08-15 03:14:32.190+0000 INFO [o.n.k.i.DiagnosticsManager] Free  memory: 96.91 MB
2019-08-15 03:14:32.191+0000 INFO [o.n.k.i.DiagnosticsManager] Total memory: 123.00 MB
2019-08-15 03:14:32.191+0000 INFO [o.n.k.i.DiagnosticsManager] Max   memory: 1.78 GB
2019-08-15 03:14:32.195+0000 INFO [o.n.k.i.DiagnosticsManager] Garbage Collector: PS Scavenge: [PS Eden Space, PS Survivor Space]
2019-08-15 03:14:32.195+0000 INFO [o.n.k.i.DiagnosticsManager] Garbage Collector: PS MarkSweep: [PS Eden Space, PS Survivor Space, PS Old Gen]
2019-08-15 03:14:32.198+0000 INFO [o.n.k.i.DiagnosticsManager] Memory Pool: Code Cache (Non-heap memory): committed=5.31 MB, used=5.24 MB, max=240.00 MB, threshold=0.00 B
2019-08-15 03:14:32.198+0000 INFO [o.n.k.i.DiagnosticsManager] Memory Pool: Metaspace (Non-heap memory): committed=15.88 MB, used=15.08 MB, max=-1.00 B, threshold=0.00 B
2019-08-15 03:14:32.198+0000 INFO [o.n.k.i.DiagnosticsManager] Memory Pool: Compressed Class Space (Non-heap memory): committed=2.13 MB, used=1.97 MB, max=1.00 GB, threshold=0.00 B
2019-08-15 03:14:32.199+0000 INFO [o.n.k.i.DiagnosticsManager] Memory Pool: PS Eden Space (Heap memory): committed=32.50 MB, used=15.45 MB, max=672.50 MB, threshold=?
2019-08-15 03:14:32.199+0000 INFO [o.n.k.i.DiagnosticsManager] Memory Pool: PS Survivor Space (Heap memory): committed=5.00 MB, used=4.97 MB, max=5.00 MB, threshold=?
2019-08-15 03:14:32.199+0000 INFO [o.n.k.i.DiagnosticsManager] Memory Pool: PS Old Gen (Heap memory): committed=85.50 MB, used=5.68 MB, max=1.33 GB, threshold=0.00 B
2019-08-15 03:14:32.199+0000 INFO [o.n.k.i.DiagnosticsManager] Operating system information:
2019-08-15 03:14:32.201+0000 INFO [o.n.k.i.DiagnosticsManager] Operating System: Mac OS X; version: 10.14.3; arch: x86_64; cpus: 4
2019-08-15 03:14:32.203+0000 INFO [o.n.k.i.DiagnosticsManager] Max number of file descriptors: 10240
2019-08-15 03:14:32.205+0000 INFO [o.n.k.i.DiagnosticsManager] Number of open file descriptors: 137
2019-08-15 03:14:32.211+0000 INFO [o.n.k.i.DiagnosticsManager] Process id: 1507@dyn-49-127-139-179.its.monash.edu.au
2019-08-15 03:14:32.212+0000 INFO [o.n.k.i.DiagnosticsManager] Byte order: LITTLE_ENDIAN
2019-08-15 03:14:32.216+0000 INFO [o.n.k.i.DiagnosticsManager] Local timezone: Australia/Melbourne
2019-08-15 03:14:32.216+0000 INFO [o.n.k.i.DiagnosticsManager] JVM information:
2019-08-15 03:14:32.216+0000 INFO [o.n.k.i.DiagnosticsManager] VM Name: Java HotSpot(TM) 64-Bit Server VM
2019-08-15 03:14:32.217+0000 INFO [o.n.k.i.DiagnosticsManager] VM Vendor: Oracle Corporation
2019-08-15 03:14:32.217+0000 INFO [o.n.k.i.DiagnosticsManager] VM Version: 25.221-b11
2019-08-15 03:14:32.217+0000 INFO [o.n.k.i.DiagnosticsManager] JIT compiler: HotSpot 64-Bit Tiered Compilers
2019-08-15 03:14:32.219+0000 INFO [o.n.k.i.DiagnosticsManager] VM Arguments: [-javaagent:/Applications/IntelliJ IDEA.app/Contents/lib/idea_rt.jar=57734:/Applications/IntelliJ IDEA.app/Contents/bin, -Dfile.encoding=UTF-8]
2019-08-15 03:14:32.219+0000 INFO [o.n.k.i.DiagnosticsManager] Java classpath:
2019-08-15 03:14:32.224+0000 INFO [o.n.k.i.DiagnosticsManager]  [bootstrap + classpath + loader.0] file:/Library/Java/JavaVirtualMachines/jdk1.8.0_221.jdk/Contents/Home/jre/lib/rt.jar
2019-08-15 03:14:32.224+0000 INFO [o.n.k.i.DiagnosticsManager]  [classpath + loader.0] file:/Users/locpv/.m2/repository/org/neo4j/neo4j-procedure-api/3.4.1/neo4j-procedure-api-3.4.1.jar
2019-08-15 03:14:32.224+0000 INFO [o.n.k.i.DiagnosticsManager]  [classpath + loader.0] file:/Users/locpv/.m2/repository/org/objenesis/objenesis/2.6/objenesis-2.6.jar
2019-08-15 03:14:32.224+0000 INFO [o.n.k.i.DiagnosticsManager]  [classpath + loader.0] file:/Users/locpv/.m2/repository/org/neo4j/neo4j-collections/3.4.1/neo4j-collections-3.4.1.jar
2019-08-15 03:14:32.225+0000 INFO [o.n.k.i.DiagnosticsManager]  [classpath + loader.0] file:/Users/locpv/.m2/repository/org/codehaus/mojo/animal-sniffer-annotations/1.17/animal-sniffer-annotations-1.17.jar
2019-08-15 03:14:32.225+0000 INFO [o.n.k.i.DiagnosticsManager]  [classpath + loader.0] file:/Users/locpv/.m2/repository/org/neo4j/neo4j-configuration/3.4.1/neo4j-configuration-3.4.1.jar
2019-08-15 03:14:32.225+0000 INFO [o.n.k.i.DiagnosticsManager]  [classpath + loader.0] file:/Users/locpv/.m2/repository/com/googlecode/concurrentlinkedhashmap/concurrentlinkedhashmap-lru/1.4.2/concurrentlinkedhashmap-lru-1.4.2.jar
2019-08-15 03:14:32.225+0000 INFO [o.n.k.i.DiagnosticsManager]  [classpath + loader.0] file:/Users/locpv/.m2/repository/org/apache/commons/commons-text/1.3/commons-text-1.3.jar
2019-08-15 03:14:32.225+0000 INFO [o.n.k.i.DiagnosticsManager]  [loader.1] file:/Library/Java/JavaVirtualMachines/jdk1.8.0_221.jdk/Contents/Home/jre/lib/ext/dnsns.jar
2019-08-15 03:14:32.225+0000 INFO [o.n.k.i.DiagnosticsManager]  [classpath + loader.0] file:/Users/locpv/.m2/repository/com/google/j2objc/j2objc-annotations/1.1/j2objc-annotations-1.1.jar
2019-08-15 03:14:32.225+0000 INFO [o.n.k.i.DiagnosticsManager]  [classpath + loader.0] file:/Users/locpv/.m2/repository/org/apache/httpcomponents/httpclient/4.3.6/httpclient-4.3.6.jar
2019-08-15 03:14:32.225+0000 INFO [o.n.k.i.DiagnosticsManager]  [classpath + loader.0] file:/Users/locpv/.m2/repository/org/neo4j/neo4j-primitive-collections/3.4.1/neo4j-primitive-collections-3.4.1.jar
2019-08-15 03:14:32.225+0000 INFO [o.n.k.i.DiagnosticsManager]  [classpath + loader.0] file:/Users/locpv/Study/GitGraph/target/classes/
2019-08-15 03:14:32.225+0000 INFO [o.n.k.i.DiagnosticsManager]  [loader.1] file:/Library/Java/JavaVirtualMachines/jdk1.8.0_221.jdk/Contents/Home/jre/lib/ext/jaccess.jar
2019-08-15 03:14:32.225+0000 INFO [o.n.k.i.DiagnosticsManager]  [classpath + loader.0] file:/Users/locpv/.m2/repository/com/github/ben-manes/caffeine/caffeine/2.3.3/caffeine-2.3.3.jar
2019-08-15 03:14:32.225+0000 INFO [o.n.k.i.DiagnosticsManager]  [classpath + loader.0] file:/Users/locpv/.m2/repository/com/github/javaparser/javaparser-symbol-solver-core/3.8.0/javaparser-symbol-solver-core-3.8.0.jar
2019-08-15 03:14:32.225+0000 INFO [o.n.k.i.DiagnosticsManager]  [classpath + loader.0] file:/Users/locpv/.m2/repository/org/neo4j/neo4j-spatial-index/3.4.1/neo4j-spatial-index-3.4.1.jar
2019-08-15 03:14:32.225+0000 INFO [o.n.k.i.DiagnosticsManager]  [bootstrap + classpath + loader.0] file:/Library/Java/JavaVirtualMachines/jdk1.8.0_221.jdk/Contents/Home/jre/lib/jfr.jar
2019-08-15 03:14:32.225+0000 INFO [o.n.k.i.DiagnosticsManager]  [classpath + loader.0] file:/Users/locpv/.m2/repository/org/apache/lucene/lucene-codecs/5.5.5/lucene-codecs-5.5.5.jar
2019-08-15 03:14:32.225+0000 INFO [o.n.k.i.DiagnosticsManager]  [classpath + loader.0] file:/Library/Java/JavaVirtualMachines/jdk1.8.0_221.jdk/Contents/Home/lib/sa-jdi.jar
2019-08-15 03:14:32.225+0000 INFO [o.n.k.i.DiagnosticsManager]  [loader.1] file:/Library/Java/JavaVirtualMachines/jdk1.8.0_221.jdk/Contents/Home/jre/lib/ext/zipfs.jar
2019-08-15 03:14:32.225+0000 INFO [o.n.k.i.DiagnosticsManager]  [classpath + loader.0] file:/Users/locpv/.m2/repository/org/neo4j/neo4j-lucene-index/3.4.1/neo4j-lucene-index-3.4.1.jar
2019-08-15 03:14:32.225+0000 INFO [o.n.k.i.DiagnosticsManager]  [classpath + loader.0] file:/Users/locpv/.m2/repository/org/neo4j/neo4j-cypher-runtime-util/3.4.1/neo4j-cypher-runtime-util-3.4.1.jar
2019-08-15 03:14:32.225+0000 INFO [o.n.k.i.DiagnosticsManager]  [loader.1] file:/Library/Java/JavaVirtualMachines/jdk1.8.0_221.jdk/Contents/Home/jre/lib/ext/sunjce_provider.jar
2019-08-15 03:14:32.225+0000 INFO [o.n.k.i.DiagnosticsManager]  [classpath + loader.0] file:/Library/Java/JavaVirtualMachines/jdk1.8.0_221.jdk/Contents/Home/jre/lib/jfxswt.jar
2019-08-15 03:14:32.225+0000 INFO [o.n.k.i.DiagnosticsManager]  [bootstrap + classpath + loader.0] file:/Library/Java/JavaVirtualMachines/jdk1.8.0_221.jdk/Contents/Home/jre/lib/resources.jar
2019-08-15 03:14:32.225+0000 INFO [o.n.k.i.DiagnosticsManager]  [bootstrap + classpath + loader.0] file:/Library/Java/JavaVirtualMachines/jdk1.8.0_221.jdk/Contents/Home/jre/lib/jsse.jar
2019-08-15 03:14:32.226+0000 INFO [o.n.k.i.DiagnosticsManager]  [classpath + loader.0] file:/Users/locpv/.m2/repository/org/neo4j/neo4j-graphdb-api/3.4.1/neo4j-graphdb-api-3.4.1.jar
2019-08-15 03:14:32.226+0000 INFO [o.n.k.i.DiagnosticsManager]  [classpath + loader.0] file:/Users/locpv/.m2/repository/org/neo4j/neo4j-io/3.4.1/neo4j-io-3.4.1.jar
2019-08-15 03:14:32.226+0000 INFO [o.n.k.i.DiagnosticsManager]  [classpath + loader.0] file:/Users/locpv/.m2/repository/net/sf/opencsv/opencsv/2.3/opencsv-2.3.jar
2019-08-15 03:14:32.226+0000 INFO [o.n.k.i.DiagnosticsManager]  [loader.1] file:/Library/Java/JavaVirtualMachines/jdk1.8.0_221.jdk/Contents/Home/jre/lib/ext/sunec.jar
2019-08-15 03:14:32.226+0000 INFO [o.n.k.i.DiagnosticsManager]  [classpath + loader.0] file:/Users/locpv/.m2/repository/org/neo4j/neo4j-cypher-planner-3.4/3.4.1/neo4j-cypher-planner-3.4-3.4.1.jar
2019-08-15 03:14:32.226+0000 INFO [o.n.k.i.DiagnosticsManager]  [loader.0] file:/Applications/IntelliJ%20IDEA.app/Contents/lib/idea_rt.jar
2019-08-15 03:14:32.226+0000 INFO [o.n.k.i.DiagnosticsManager]  [classpath + loader.0] file:/Users/locpv/.m2/repository/org/apache/lucene/lucene-analyzers-common/5.5.5/lucene-analyzers-common-5.5.5.jar
2019-08-15 03:14:32.226+0000 INFO [o.n.k.i.DiagnosticsManager]  [classpath + loader.0] file:/Users/locpv/.m2/repository/org/neo4j/neo4j-udc/3.4.1/neo4j-udc-3.4.1.jar
2019-08-15 03:14:32.226+0000 INFO [o.n.k.i.DiagnosticsManager]  [classpath + loader.0] file:/Users/locpv/.m2/repository/org/ow2/asm/asm-util/6.0/asm-util-6.0.jar
2019-08-15 03:14:32.226+0000 INFO [o.n.k.i.DiagnosticsManager]  [classpath + loader.0] file:/Users/locpv/.m2/repository/org/neo4j/neo4j-graph-matching/3.1.6/neo4j-graph-matching-3.1.6.jar
2019-08-15 03:14:32.226+0000 INFO [o.n.k.i.DiagnosticsManager]  [classpath + loader.0] file:/Users/locpv/.m2/repository/org/neo4j/neo4j-graph-algo/3.4.1/neo4j-graph-algo-3.4.1.jar
2019-08-15 03:14:32.226+0000 INFO [o.n.k.i.DiagnosticsManager]  [classpath + loader.0] file:/Users/locpv/.m2/repository/org/parboiled/parboiled-scala_2.11/1.1.7/parboiled-scala_2.11-1.1.7.jar
2019-08-15 03:14:32.226+0000 INFO [o.n.k.i.DiagnosticsManager]  [classpath + loader.0] file:/Users/locpv/.m2/repository/org/slf4j/slf4j-nop/1.7.2/slf4j-nop-1.7.2.jar
2019-08-15 03:14:32.226+0000 INFO [o.n.k.i.DiagnosticsManager]  [classpath + loader.0] file:/Users/locpv/.m2/repository/org/ow2/asm/asm/6.0/asm-6.0.jar
2019-08-15 03:14:32.226+0000 INFO [o.n.k.i.DiagnosticsManager]  [classpath + loader.0] file:/Users/locpv/.m2/repository/org/neo4j/neo4j-cypher-compiler-2.3/2.3.12/neo4j-cypher-compiler-2.3-2.3.12.jar
2019-08-15 03:14:32.226+0000 INFO [o.n.k.i.DiagnosticsManager]  [classpath + loader.0] file:/Users/locpv/.m2/repository/org/neo4j/neo4j-logging/3.4.1/neo4j-logging-3.4.1.jar
2019-08-15 03:14:32.226+0000 INFO [o.n.k.i.DiagnosticsManager]  [classpath + loader.0] file:/Users/locpv/.m2/repository/org/neo4j/neo4j-cypher/3.4.1/neo4j-cypher-3.4.1.jar
2019-08-15 03:14:32.226+0000 INFO [o.n.k.i.DiagnosticsManager]  [classpath + loader.0] file:/Users/locpv/.m2/repository/org/bouncycastle/bcpkix-jdk15on/1.59/bcpkix-jdk15on-1.59.jar
2019-08-15 03:14:32.226+0000 INFO [o.n.k.i.DiagnosticsManager]  [classpath + loader.0] file:/Users/locpv/.m2/repository/org/apache/commons/commons-lang3/3.7/commons-lang3-3.7.jar
2019-08-15 03:14:32.226+0000 INFO [o.n.k.i.DiagnosticsManager]  [classpath + loader.0] file:/Users/locpv/.m2/repository/org/neo4j/neo4j-ssl/3.4.1/neo4j-ssl-3.4.1.jar
2019-08-15 03:14:32.226+0000 INFO [o.n.k.i.DiagnosticsManager]  [loader.1] file:/Library/Java/JavaVirtualMachines/jdk1.8.0_221.jdk/Contents/Home/jre/lib/ext/sunpkcs11.jar
2019-08-15 03:14:32.226+0000 INFO [o.n.k.i.DiagnosticsManager]  [classpath + loader.0] file:/Library/Java/JavaVirtualMachines/jdk1.8.0_221.jdk/Contents/Home/jre/lib/management-agent.jar
2019-08-15 03:14:32.226+0000 INFO [o.n.k.i.DiagnosticsManager]  [classpath + loader.0] file:/Users/locpv/.m2/repository/org/neo4j/neo4j/3.4.1/neo4j-3.4.1.jar
2019-08-15 03:14:32.226+0000 INFO [o.n.k.i.DiagnosticsManager]  [classpath + loader.0] file:/Library/Java/JavaVirtualMachines/jdk1.8.0_221.jdk/Contents/Home/lib/ant-javafx.jar
2019-08-15 03:14:32.227+0000 INFO [o.n.k.i.DiagnosticsManager]  [classpath + loader.0] file:/Users/locpv/.m2/repository/org/neo4j/neo4j-values/3.4.1/neo4j-values-3.4.1.jar
2019-08-15 03:14:32.227+0000 INFO [o.n.k.i.DiagnosticsManager]  [classpath + loader.0] file:/Users/locpv/.m2/repository/org/neo4j/neo4j-cypher-frontend-3.1/3.1.8/neo4j-cypher-frontend-3.1-3.1.8.jar
2019-08-15 03:14:32.227+0000 INFO [o.n.k.i.DiagnosticsManager]  [classpath + loader.0] file:/Users/locpv/.m2/repository/org/ow2/asm/asm-analysis/6.0/asm-analysis-6.0.jar
2019-08-15 03:14:32.227+0000 INFO [o.n.k.i.DiagnosticsManager]  [classpath + loader.0] file:/Users/locpv/.m2/repository/org/neo4j/neo4j-cypher-frontend-3.3/3.3.5/neo4j-cypher-frontend-3.3-3.3.5.jar
2019-08-15 03:14:32.227+0000 INFO [o.n.k.i.DiagnosticsManager]  [loader.1] file:/Library/Java/JavaVirtualMachines/jdk1.8.0_221.jdk/Contents/Home/jre/lib/ext/localedata.jar
2019-08-15 03:14:32.227+0000 INFO [o.n.k.i.DiagnosticsManager]  [classpath + loader.0] file:/Users/locpv/.m2/repository/org/apache/httpcomponents/httpcore/4.3.3/httpcore-4.3.3.jar
2019-08-15 03:14:32.227+0000 INFO [o.n.k.i.DiagnosticsManager]  [classpath + loader.0] file:/Users/locpv/.m2/repository/org/apache/lucene/lucene-backward-codecs/5.5.0/lucene-backward-codecs-5.5.0.jar
2019-08-15 03:14:32.227+0000 INFO [o.n.k.i.DiagnosticsManager]  [classpath + loader.0] file:/Library/Java/JavaVirtualMachines/jdk1.8.0_221.jdk/Contents/Home/lib/packager.jar
2019-08-15 03:14:32.227+0000 INFO [o.n.k.i.DiagnosticsManager]  [classpath + loader.0] file:/Users/locpv/.m2/repository/com/googlecode/javaewah/JavaEWAH/0.7.9/JavaEWAH-0.7.9.jar
2019-08-15 03:14:32.227+0000 INFO [o.n.k.i.DiagnosticsManager]  [classpath + loader.0] file:/Users/locpv/.m2/repository/org/neo4j/neo4j-dbms/3.4.1/neo4j-dbms-3.4.1.jar
2019-08-15 03:14:32.227+0000 INFO [o.n.k.i.DiagnosticsManager]  [classpath + loader.0] file:/Users/locpv/.m2/repository/io/netty/netty-all/4.1.24.Final/netty-all-4.1.24.Final.jar
2019-08-15 03:14:32.227+0000 INFO [o.n.k.i.DiagnosticsManager]  [classpath + loader.0] file:/Users/locpv/.m2/repository/org/apache/lucene/lucene-core/5.5.5/lucene-core-5.5.5.jar
2019-08-15 03:14:32.227+0000 INFO [o.n.k.i.DiagnosticsManager]  [bootstrap] /Library/Java/JavaVirtualMachines/jdk1.8.0_221.jdk/Contents/Home/jre/lib/sunrsasign.jar
2019-08-15 03:14:32.227+0000 INFO [o.n.k.i.DiagnosticsManager]  [classpath + loader.0] file:/Users/locpv/.m2/repository/com/profesorfalken/WMI4Java/1.6.1/WMI4Java-1.6.1.jar
2019-08-15 03:14:32.227+0000 INFO [o.n.k.i.DiagnosticsManager]  [classpath + loader.0] file:/Library/Java/JavaVirtualMachines/jdk1.8.0_221.jdk/Contents/Home/jre/lib/javaws.jar
2019-08-15 03:14:32.227+0000 INFO [o.n.k.i.DiagnosticsManager]  [classpath + loader.0] file:/Users/locpv/.m2/repository/org/parboiled/parboiled-core/1.1.7/parboiled-core-1.1.7.jar
2019-08-15 03:14:32.227+0000 INFO [o.n.k.i.DiagnosticsManager]  [classpath + loader.0] file:/Library/Java/JavaVirtualMachines/1.6.0.jdk/Contents/Classes/classes.jar
2019-08-15 03:14:32.227+0000 INFO [o.n.k.i.DiagnosticsManager]  [classpath + loader.0] file:/Users/locpv/.m2/repository/com/google/guava/listenablefuture/9999.0-empty-to-avoid-conflict-with-guava/listenablefuture-9999.0-empty-to-avoid-conflict-with-guava.jar
2019-08-15 03:14:32.227+0000 INFO [o.n.k.i.DiagnosticsManager]  [classpath + loader.0] file:/Users/locpv/.m2/repository/org/scala-lang/scala-library/2.11.12/scala-library-2.11.12.jar
2019-08-15 03:14:32.227+0000 INFO [o.n.k.i.DiagnosticsManager]  [loader.1] file:/Library/Java/JavaVirtualMachines/jdk1.8.0_221.jdk/Contents/Home/jre/lib/ext/nashorn.jar
2019-08-15 03:14:32.227+0000 INFO [o.n.k.i.DiagnosticsManager]  [classpath + loader.0] file:/Users/locpv/.m2/repository/org/slf4j/slf4j-api/1.7.2/slf4j-api-1.7.2.jar
2019-08-15 03:14:32.227+0000 INFO [o.n.k.i.DiagnosticsManager]  [classpath + loader.0] file:/Users/locpv/.m2/repository/net/sourceforge/argparse4j/argparse4j/0.8.1/argparse4j-0.8.1.jar
2019-08-15 03:14:32.227+0000 INFO [o.n.k.i.DiagnosticsManager]  [classpath + loader.0] file:/Library/Java/JavaVirtualMachines/jdk1.8.0_221.jdk/Contents/Home/lib/jconsole.jar
2019-08-15 03:14:32.227+0000 INFO [o.n.k.i.DiagnosticsManager]  [classpath + loader.0] file:/Users/locpv/.m2/repository/org/neo4j/neo4j-codegen/3.4.1/neo4j-codegen-3.4.1.jar
2019-08-15 03:14:32.228+0000 INFO [o.n.k.i.DiagnosticsManager]  [classpath + loader.0] file:/Users/locpv/.m2/repository/com/github/javaparser/javaparser-core/3.8.0/javaparser-core-3.8.0.jar
2019-08-15 03:14:32.228+0000 INFO [o.n.k.i.DiagnosticsManager]  [classpath + loader.0] file:/Users/locpv/.m2/repository/org/neo4j/neo4j-kernel-api/3.4.1/neo4j-kernel-api-3.4.1.jar
2019-08-15 03:14:32.228+0000 INFO [o.n.k.i.DiagnosticsManager]  [classpath + loader.0] file:/Users/locpv/.m2/repository/com/google/errorprone/error_prone_annotations/2.2.0/error_prone_annotations-2.2.0.jar
2019-08-15 03:14:32.228+0000 INFO [o.n.k.i.DiagnosticsManager]  [classpath + loader.0] file:/Users/locpv/.m2/repository/org/neo4j/neo4j-common/3.4.1/neo4j-common-3.4.1.jar
2019-08-15 03:14:32.228+0000 INFO [o.n.k.i.DiagnosticsManager]  [classpath + loader.0] file:/Users/locpv/.m2/repository/org/ow2/asm/asm-tree/6.0/asm-tree-6.0.jar
2019-08-15 03:14:32.228+0000 INFO [o.n.k.i.DiagnosticsManager]  [classpath + loader.0] file:/Users/locpv/.m2/repository/org/neo4j/neo4j-cypher-compiler-3.3/3.3.5/neo4j-cypher-compiler-3.3-3.3.5.jar
2019-08-15 03:14:32.228+0000 INFO [o.n.k.i.DiagnosticsManager]  [classpath + loader.0] file:/Users/locpv/.m2/repository/org/eclipse/jgit/org.eclipse.jgit/4.3.1.201605051710-r/org.eclipse.jgit-4.3.1.201605051710-r.jar
2019-08-15 03:14:32.228+0000 INFO [o.n.k.i.DiagnosticsManager]  [classpath + loader.0] file:/Users/locpv/.m2/repository/org/neo4j/neo4j-cypher-compiler-3.1/3.1.8/neo4j-cypher-compiler-3.1-3.1.8.jar
2019-08-15 03:14:32.228+0000 INFO [o.n.k.i.DiagnosticsManager]  [classpath + loader.0] file:/Users/locpv/.m2/repository/org/apache/lucene/lucene-queryparser/5.5.5/lucene-queryparser-5.5.5.jar
2019-08-15 03:14:32.228+0000 INFO [o.n.k.i.DiagnosticsManager]  [classpath + loader.0] file:/Users/locpv/.m2/repository/org/neo4j/neo4j-index/3.4.1/neo4j-index-3.4.1.jar
2019-08-15 03:14:32.228+0000 INFO [o.n.k.i.DiagnosticsManager]  [classpath + loader.0] file:/Users/locpv/.m2/repository/com/google/code/findbugs/jsr305/3.0.2/jsr305-3.0.2.jar
2019-08-15 03:14:32.228+0000 INFO [o.n.k.i.DiagnosticsManager]  [classpath + loader.0] file:/Users/locpv/.m2/repository/org/checkerframework/checker-qual/2.5.2/checker-qual-2.5.2.jar
2019-08-15 03:14:32.228+0000 INFO [o.n.k.i.DiagnosticsManager]  [classpath + loader.0] file:/Users/locpv/.m2/repository/com/profesorfalken/jPowerShell/1.9/jPowerShell-1.9.jar
2019-08-15 03:14:32.228+0000 INFO [o.n.k.i.DiagnosticsManager]  [classpath + loader.0] file:/Library/Java/JavaVirtualMachines/jdk1.8.0_221.jdk/Contents/Home/lib/javafx-mx.jar
2019-08-15 03:14:32.228+0000 INFO [o.n.k.i.DiagnosticsManager]  [loader.1] file:/Library/Java/JavaVirtualMachines/jdk1.8.0_221.jdk/Contents/Home/jre/lib/ext/jfxrt.jar
2019-08-15 03:14:32.228+0000 INFO [o.n.k.i.DiagnosticsManager]  [classpath + loader.0] file:/Users/locpv/.m2/repository/org/neo4j/driver/neo4j-java-driver/1.4.4/neo4j-java-driver-1.4.4.jar
2019-08-15 03:14:32.228+0000 INFO [o.n.k.i.DiagnosticsManager]  [classpath + loader.0] file:/Users/locpv/.m2/repository/com/jcraft/jsch/0.1.53/jsch-0.1.53.jar
2019-08-15 03:14:32.228+0000 INFO [o.n.k.i.DiagnosticsManager]  [classpath + loader.0] file:/Library/Java/JavaVirtualMachines/jdk1.8.0_221.jdk/Contents/Home/lib/tools.jar
2019-08-15 03:14:32.228+0000 INFO [o.n.k.i.DiagnosticsManager]  [classpath + loader.0] file:/Users/locpv/.m2/repository/org/neo4j/neo4j-cypher-util-3.4/3.4.1/neo4j-cypher-util-3.4-3.4.1.jar
2019-08-15 03:14:32.228+0000 INFO [o.n.k.i.DiagnosticsManager]  [classpath + loader.0] file:/Users/locpv/.m2/repository/org/neo4j/neo4j-cypher-logical-plans-3.4/3.4.1/neo4j-cypher-logical-plans-3.4-3.4.1.jar
2019-08-15 03:14:32.228+0000 INFO [o.n.k.i.DiagnosticsManager]  [classpath + loader.0] file:/Users/locpv/.m2/repository/org/neo4j/neo4j-consistency-check/3.4.1/neo4j-consistency-check-3.4.1.jar
2019-08-15 03:14:32.228+0000 INFO [o.n.k.i.DiagnosticsManager]  [classpath + loader.0] file:/Users/locpv/.m2/repository/com/github/javaparser/javaparser-symbol-solver-model/3.8.0/javaparser-symbol-solver-model-3.8.0.jar
2019-08-15 03:14:32.228+0000 INFO [o.n.k.i.DiagnosticsManager]  [classpath + loader.0] file:/Users/locpv/.m2/repository/org/neo4j/neo4j-lucene-upgrade/3.4.1/neo4j-lucene-upgrade-3.4.1.jar
2019-08-15 03:14:32.229+0000 INFO [o.n.k.i.DiagnosticsManager]  [classpath + loader.0] file:/Users/locpv/.m2/repository/commons-logging/commons-logging/1.1.3/commons-logging-1.1.3.jar
2019-08-15 03:14:32.229+0000 INFO [o.n.k.i.DiagnosticsManager]  [classpath + loader.0] file:/Library/Java/JavaVirtualMachines/jdk1.8.0_221.jdk/Contents/Home/jre/lib/plugin.jar
2019-08-15 03:14:32.229+0000 INFO [o.n.k.i.DiagnosticsManager]  [classpath + loader.0] file:/Users/locpv/.m2/repository/org/neo4j/neo4j-kernel/3.4.1/neo4j-kernel-3.4.1.jar
2019-08-15 03:14:32.229+0000 INFO [o.n.k.i.DiagnosticsManager]  [classpath + loader.0] file:/Users/locpv/.m2/repository/org/neo4j/neo4j-cypher-expression-3.4/3.4.1/neo4j-cypher-expression-3.4-3.4.1.jar
2019-08-15 03:14:32.229+0000 INFO [o.n.k.i.DiagnosticsManager]  [loader.1] file:/System/Library/Java/Extensions/MRJToolkit.jar
2019-08-15 03:14:32.229+0000 INFO [o.n.k.i.DiagnosticsManager]  [classpath + loader.0] file:/Users/locpv/.m2/repository/org/neo4j/openCypher-frontend-1/3.4.1/openCypher-frontend-1-3.4.1.jar
2019-08-15 03:14:32.229+0000 INFO [o.n.k.i.DiagnosticsManager]  [classpath + loader.0] file:/Users/locpv/.m2/repository/org/neo4j/neo4j-cypher-logical-plans-3.3/3.3.5/neo4j-cypher-logical-plans-3.3-3.3.5.jar
2019-08-15 03:14:32.229+0000 INFO [o.n.k.i.DiagnosticsManager]  [classpath + loader.0] file:/Users/locpv/.m2/repository/commons-codec/commons-codec/1.6/commons-codec-1.6.jar
2019-08-15 03:14:32.229+0000 INFO [o.n.k.i.DiagnosticsManager]  [classpath + loader.0] file:/Users/locpv/.m2/repository/org/neo4j/neo4j-cypher-interpreted-runtime/3.4.1/neo4j-cypher-interpreted-runtime-3.4.1.jar
2019-08-15 03:14:32.229+0000 INFO [o.n.k.i.DiagnosticsManager]  [classpath + loader.0] file:/Users/locpv/.m2/repository/com/google/guava/guava/27.0-jre/guava-27.0-jre.jar
2019-08-15 03:14:32.229+0000 INFO [o.n.k.i.DiagnosticsManager]  [classpath + loader.0] file:/Users/locpv/.m2/repository/org/neo4j/neo4j-unsafe/3.4.1/neo4j-unsafe-3.4.1.jar
2019-08-15 03:14:32.229+0000 INFO [o.n.k.i.DiagnosticsManager]  [classpath + loader.0] file:/Users/locpv/.m2/repository/org/neo4j/neo4j-cypher-planner-spi-3.4/3.4.1/neo4j-cypher-planner-spi-3.4-3.4.1.jar
2019-08-15 03:14:32.229+0000 INFO [o.n.k.i.DiagnosticsManager]  [classpath + loader.0] file:/Users/locpv/.m2/repository/org/neo4j/neo4j-csv/3.4.1/neo4j-csv-3.4.1.jar
2019-08-15 03:14:32.229+0000 INFO [o.n.k.i.DiagnosticsManager]  [classpath + loader.0] file:/Users/locpv/.m2/repository/org/apache/commons/commons-compress/1.16.1/commons-compress-1.16.1.jar
2019-08-15 03:14:32.229+0000 INFO [o.n.k.i.DiagnosticsManager]  [classpath + loader.0] file:/Users/locpv/.m2/repository/org/neo4j/neo4j-jmx/3.4.1/neo4j-jmx-3.4.1.jar
2019-08-15 03:14:32.229+0000 INFO [o.n.k.i.DiagnosticsManager]  [bootstrap + classpath + loader.0] file:/Library/Java/JavaVirtualMachines/jdk1.8.0_221.jdk/Contents/Home/jre/lib/jce.jar
2019-08-15 03:14:32.229+0000 INFO [o.n.k.i.DiagnosticsManager]  [bootstrap] /Library/Java/JavaVirtualMachines/jdk1.8.0_221.jdk/Contents/Home/jre/classes
2019-08-15 03:14:32.229+0000 INFO [o.n.k.i.DiagnosticsManager]  [classpath + loader.0] file:/Users/locpv/.m2/repository/org/javassist/javassist/3.24.0-GA/javassist-3.24.0-GA.jar
2019-08-15 03:14:32.229+0000 INFO [o.n.k.i.DiagnosticsManager]  [classpath + loader.0] file:/Users/locpv/.m2/repository/org/neo4j/neo4j-resource/3.4.1/neo4j-resource-3.4.1.jar
2019-08-15 03:14:32.229+0000 INFO [o.n.k.i.DiagnosticsManager]  [classpath + loader.0] file:/Users/locpv/.m2/repository/org/scala-lang/scala-reflect/2.11.12/scala-reflect-2.11.12.jar
2019-08-15 03:14:32.229+0000 INFO [o.n.k.i.DiagnosticsManager]  [classpath + loader.0] file:/Users/locpv/.m2/repository/org/neo4j/neo4j-cypher-frontend-2.3/2.3.12/neo4j-cypher-frontend-2.3-2.3.12.jar
2019-08-15 03:14:32.229+0000 INFO [o.n.k.i.DiagnosticsManager]  [classpath + loader.0] file:/Library/Java/JavaVirtualMachines/jdk1.8.0_221.jdk/Contents/Home/lib/dt.jar
2019-08-15 03:14:32.229+0000 INFO [o.n.k.i.DiagnosticsManager]  [bootstrap + classpath + loader.0] file:/Library/Java/JavaVirtualMachines/jdk1.8.0_221.jdk/Contents/Home/jre/lib/charsets.jar
2019-08-15 03:14:32.230+0000 INFO [o.n.k.i.DiagnosticsManager]  [classpath + loader.0] file:/Users/locpv/.m2/repository/commons-cli/commons-cli/1.2/commons-cli-1.2.jar
2019-08-15 03:14:32.230+0000 INFO [o.n.k.i.DiagnosticsManager]  [classpath + loader.0] file:/Users/locpv/.m2/repository/org/neo4j/neo4j-cypher-ir-3.3/3.3.5/neo4j-cypher-ir-3.3-3.3.5.jar
2019-08-15 03:14:32.230+0000 INFO [o.n.k.i.DiagnosticsManager]  [classpath + loader.0] file:/Users/locpv/.m2/repository/org/neo4j/neo4j-cypher-ir-3.4/3.4.1/neo4j-cypher-ir-3.4-3.4.1.jar
2019-08-15 03:14:32.230+0000 INFO [o.n.k.i.DiagnosticsManager]  [classpath + loader.0] file:/Users/locpv/.m2/repository/org/neo4j/neo4j-import-tool/3.4.1/neo4j-import-tool-3.4.1.jar
2019-08-15 03:14:32.230+0000 INFO [o.n.k.i.DiagnosticsManager]  [classpath + loader.0] file:/Users/locpv/.m2/repository/com/github/javaparser/javaparser-symbol-solver-logic/3.8.0/javaparser-symbol-solver-logic-3.8.0.jar
2019-08-15 03:14:32.230+0000 INFO [o.n.k.i.DiagnosticsManager]  [classpath + loader.0] file:/Users/locpv/.m2/repository/org/bouncycastle/bcprov-jdk15on/1.59/bcprov-jdk15on-1.59.jar
2019-08-15 03:14:32.230+0000 INFO [o.n.k.i.DiagnosticsManager]  [classpath + loader.0] file:/Library/Java/JavaVirtualMachines/jdk1.8.0_221.jdk/Contents/Home/jre/lib/deploy.jar
2019-08-15 03:14:32.230+0000 INFO [o.n.k.i.DiagnosticsManager]  [loader.1] file:/Library/Java/JavaVirtualMachines/jdk1.8.0_221.jdk/Contents/Home/jre/lib/ext/cldrdata.jar
2019-08-15 03:14:32.230+0000 INFO [o.n.k.i.DiagnosticsManager]  [classpath + loader.0] file:/Users/locpv/.m2/repository/org/neo4j/neo4j-command-line/3.4.1/neo4j-command-line-3.4.1.jar
2019-08-15 03:14:32.230+0000 INFO [o.n.k.i.DiagnosticsManager]  [classpath + loader.0] file:/Users/locpv/.m2/repository/org/jprocesses/jProcesses/1.6.4/jProcesses-1.6.4.jar
2019-08-15 03:14:32.230+0000 INFO [o.n.k.i.DiagnosticsManager]  [classpath + loader.0] file:/Users/locpv/.m2/repository/commons-io/commons-io/2.6/commons-io-2.6.jar
2019-08-15 03:14:32.230+0000 INFO [o.n.k.i.DiagnosticsManager]  [classpath] /Applications/IntelliJ IDEA.app/Contents/lib/idea_rt.jar
2019-08-15 03:14:32.230+0000 INFO [o.n.k.i.DiagnosticsManager]  [classpath + loader.0] file:/Users/locpv/.m2/repository/com/google/guava/failureaccess/1.0/failureaccess-1.0.jar
2019-08-15 03:14:32.230+0000 INFO [o.n.k.i.DiagnosticsManager] Library path:
2019-08-15 03:14:32.230+0000 INFO [o.n.k.i.DiagnosticsManager] /Users/locpv/Library/Java/Extensions
2019-08-15 03:14:32.230+0000 INFO [o.n.k.i.DiagnosticsManager] /Library/Java/Extensions
2019-08-15 03:14:32.230+0000 INFO [o.n.k.i.DiagnosticsManager] /Network/Library/Java/Extensions
2019-08-15 03:14:32.230+0000 INFO [o.n.k.i.DiagnosticsManager] /System/Library/Java/Extensions
2019-08-15 03:14:32.231+0000 INFO [o.n.k.i.DiagnosticsManager] /usr/lib/java
2019-08-15 03:14:32.231+0000 INFO [o.n.k.i.DiagnosticsManager] /Users/locpv/Study/GitGraph
2019-08-15 03:14:32.231+0000 INFO [o.n.k.i.DiagnosticsManager] System.properties:
2019-08-15 03:14:32.231+0000 INFO [o.n.k.i.DiagnosticsManager] sun.boot.library.path = /Library/Java/JavaVirtualMachines/jdk1.8.0_221.jdk/Contents/Home/jre/lib
2019-08-15 03:14:32.231+0000 INFO [o.n.k.i.DiagnosticsManager] gopherProxySet = false
2019-08-15 03:14:32.231+0000 INFO [o.n.k.i.DiagnosticsManager] path.separator = :
2019-08-15 03:14:32.231+0000 INFO [o.n.k.i.DiagnosticsManager] file.encoding.pkg = sun.io
2019-08-15 03:14:32.231+0000 INFO [o.n.k.i.DiagnosticsManager] user.country = AU
2019-08-15 03:14:32.231+0000 INFO [o.n.k.i.DiagnosticsManager] sun.java.launcher = SUN_STANDARD
2019-08-15 03:14:32.231+0000 INFO [o.n.k.i.DiagnosticsManager] sun.os.patch.level = unknown
2019-08-15 03:14:32.231+0000 INFO [o.n.k.i.DiagnosticsManager] user.dir = /Users/locpv/Study/GitGraph
2019-08-15 03:14:32.232+0000 INFO [o.n.k.i.DiagnosticsManager] sun.jnu.encoding = UTF-8
2019-08-15 03:14:32.232+0000 INFO [o.n.k.i.DiagnosticsManager] sun.management.compiler = HotSpot 64-Bit Tiered Compilers
2019-08-15 03:14:32.232+0000 INFO [o.n.k.i.DiagnosticsManager] http.nonProxyHosts = local|*.local|169.254/16|*.169.254/16
2019-08-15 03:14:32.232+0000 INFO [o.n.k.i.DiagnosticsManager] user.home = /Users/locpv
2019-08-15 03:14:32.232+0000 INFO [o.n.k.i.DiagnosticsManager] user.timezone = Australia/Melbourne
2019-08-15 03:14:32.232+0000 INFO [o.n.k.i.DiagnosticsManager] file.encoding = UTF-8
2019-08-15 03:14:32.232+0000 INFO [o.n.k.i.DiagnosticsManager] user.name = locpv
2019-08-15 03:14:32.232+0000 INFO [o.n.k.i.DiagnosticsManager] sun.java.command = Main
2019-08-15 03:14:32.232+0000 INFO [o.n.k.i.DiagnosticsManager] sun.arch.data.model = 64
2019-08-15 03:14:32.232+0000 INFO [o.n.k.i.DiagnosticsManager] user.language = en
2019-08-15 03:14:32.232+0000 INFO [o.n.k.i.DiagnosticsManager] awt.toolkit = sun.lwawt.macosx.LWCToolkit
2019-08-15 03:14:32.232+0000 INFO [o.n.k.i.DiagnosticsManager] file.separator = /
2019-08-15 03:14:32.232+0000 INFO [o.n.k.i.DiagnosticsManager] sun.io.unicode.encoding = UnicodeBig
2019-08-15 03:14:32.232+0000 INFO [o.n.k.i.DiagnosticsManager] sun.cpu.endian = little
2019-08-15 03:14:32.232+0000 INFO [o.n.k.i.DiagnosticsManager] socksNonProxyHosts = local|*.local|169.254/16|*.169.254/16
2019-08-15 03:14:32.232+0000 INFO [o.n.k.i.DiagnosticsManager] ftp.nonProxyHosts = local|*.local|169.254/16|*.169.254/16
2019-08-15 03:14:32.233+0000 INFO [o.n.k.i.DiagnosticsManager] sun.cpu.isalist = 
2019-08-15 03:14:32.233+0000 INFO [o.n.k.i.DiagnosticsManager] (IANA) TimeZone Database Version:
2019-08-15 03:14:32.271+0000 INFO [o.n.k.i.DiagnosticsManager]   TimeZone version: 2018i (available for 600 zone identifiers)
2019-08-15 03:14:32.271+0000 INFO [o.n.k.i.DiagnosticsManager] Network information:
2019-08-15 03:14:32.272+0000 INFO [o.n.k.i.DiagnosticsManager] Interface utun1:
2019-08-15 03:14:32.272+0000 INFO [o.n.k.i.DiagnosticsManager]     address: fe80:0:0:0:f7a4:a872:5605:4104%utun1
2019-08-15 03:14:32.272+0000 INFO [o.n.k.i.DiagnosticsManager] Interface utun0:
2019-08-15 03:14:32.272+0000 INFO [o.n.k.i.DiagnosticsManager]     address: fe80:0:0:0:a9e1:4a4c:16:b63c%utun0
2019-08-15 03:14:32.272+0000 INFO [o.n.k.i.DiagnosticsManager] Interface awdl0:
2019-08-15 03:14:32.272+0000 INFO [o.n.k.i.DiagnosticsManager]     address: fe80:0:0:0:dc66:baff:fe75:fc94%awdl0
2019-08-15 03:14:32.272+0000 INFO [o.n.k.i.DiagnosticsManager] Interface en0:
2019-08-15 03:14:32.273+0000 INFO [o.n.k.i.DiagnosticsManager]     address: fe80:0:0:0:2a:758c:b9cb:bc1b%en0
2019-08-15 03:14:32.273+0000 INFO [o.n.k.i.DiagnosticsManager]     address: 49.127.139.179
2019-08-15 03:14:32.273+0000 INFO [o.n.k.i.DiagnosticsManager] Interface lo0:
2019-08-15 03:14:32.273+0000 INFO [o.n.k.i.DiagnosticsManager]     address: fe80:0:0:0:0:0:0:1%lo0
2019-08-15 03:14:32.273+0000 INFO [o.n.k.i.DiagnosticsManager]     address: 0:0:0:0:0:0:0:1%lo0
2019-08-15 03:14:32.273+0000 INFO [o.n.k.i.DiagnosticsManager]     address: 127.0.0.1
2019-08-15 03:14:32.273+0000 INFO [o.n.k.i.DiagnosticsManager] --- INITIALIZED diagnostics END ---
2019-08-15 03:14:32.511+0000 INFO [o.n.k.i.s.f.RecordFormatSelector] Selected format 'RecordFormat:StandardV3_4[v0.A.9]' for the new store
2019-08-15 03:14:32.774+0000 INFO [o.n.k.i.i.l.NativeLabelScanStore] No scan store found, this might just be first use. Preparing to rebuild.
2019-08-15 03:14:32.880+0000 INFO [o.n.k.NeoStoreDataSource] Rotated to transaction log [/Users/locpv/Study/GitGraph/null.db/neostore.transaction.db.0] version=0, last transaction in previous log=1
2019-08-15 03:14:32.881+0000 INFO [o.n.k.NeoStoreDataSource] No commits found after last check point (which is at <no log position given>)
2019-08-15 03:14:32.889+0000 WARN [o.n.k.i.s.MetaDataStore] Missing counts store, rebuilding it.
2019-08-15 03:14:32.979+0000 WARN [o.n.k.i.s.MetaDataStore] Counts store rebuild completed.
2019-08-15 03:14:32.992+0000 INFO [o.n.k.i.i.l.NativeLabelScanStore] Rebuilding scan store, this may take a while
2019-08-15 03:14:33.000+0000 INFO [o.n.k.i.i.l.NativeLabelScanStore] Scan store rebuilt (roughly 0 nodes)
2019-08-15 03:14:33.020+0000 INFO [o.n.k.i.DatabaseHealth] Database health set to OK
2019-08-15 03:14:33.365+0000 INFO [o.n.k.AvailabilityGuard] Fulfilling of requirement makes database available: Database available
2019-08-15 03:14:33.366+0000 INFO [o.n.k.i.f.GraphDatabaseFacadeFactory] Database is now ready
2019-08-15 03:14:33.367+0000 INFO [o.n.k.i.DiagnosticsManager] --- STARTED diagnostics for KernelDiagnostics:Versions START ---
2019-08-15 03:14:33.367+0000 INFO [o.n.k.i.DiagnosticsManager] Graph Database: community single StoreId{creationTime=1565838872657, randomId=8613284189029822143, storeVersion=16094931155187206, upgradeTime=1565838872657, upgradeId=1}
2019-08-15 03:14:33.367+0000 INFO [o.n.k.i.DiagnosticsManager] Kernel version: 3.4.1,bf2fd1991decc5b49b63105e793230f19ccf6f15
2019-08-15 03:14:33.367+0000 INFO [o.n.k.i.DiagnosticsManager] --- STARTED diagnostics for KernelDiagnostics:Versions END ---
2019-08-15 03:14:33.369+0000 INFO [o.n.k.i.DiagnosticsManager] --- STARTED diagnostics for NEO_STORE_VERSIONS START ---
2019-08-15 03:14:33.369+0000 INFO [o.n.k.i.DiagnosticsManager] Store versions:
2019-08-15 03:14:33.369+0000 INFO [o.n.k.i.DiagnosticsManager] Store versions:
2019-08-15 03:14:33.369+0000 INFO [o.n.k.i.DiagnosticsManager]   ArrayPropertyStore v0.A.9
2019-08-15 03:14:33.370+0000 INFO [o.n.k.i.DiagnosticsManager]   NodeStore v0.A.9
2019-08-15 03:14:33.370+0000 INFO [o.n.k.i.DiagnosticsManager]   StringPropertyStore v0.A.9
2019-08-15 03:14:33.370+0000 INFO [o.n.k.i.DiagnosticsManager]   PropertyIndexStore v0.A.9
2019-08-15 03:14:33.370+0000 INFO [o.n.k.i.DiagnosticsManager]   StringPropertyStore v0.A.9
2019-08-15 03:14:33.370+0000 INFO [o.n.k.i.DiagnosticsManager]   ArrayPropertyStore v0.A.9
2019-08-15 03:14:33.370+0000 INFO [o.n.k.i.DiagnosticsManager]   PropertyStore v0.A.9
2019-08-15 03:14:33.370+0000 INFO [o.n.k.i.DiagnosticsManager]   RelationshipStore v0.A.9
2019-08-15 03:14:33.370+0000 INFO [o.n.k.i.DiagnosticsManager]   StringPropertyStore v0.A.9
2019-08-15 03:14:33.370+0000 INFO [o.n.k.i.DiagnosticsManager]   RelationshipTypeStore v0.A.9
2019-08-15 03:14:33.373+0000 INFO [o.n.k.i.DiagnosticsManager]   StringPropertyStore v0.A.9
2019-08-15 03:14:33.374+0000 INFO [o.n.k.i.DiagnosticsManager]   LabelTokenStore v0.A.9
2019-08-15 03:14:33.374+0000 INFO [o.n.k.i.DiagnosticsManager]   SchemaStore v0.A.9
2019-08-15 03:14:33.374+0000 INFO [o.n.k.i.DiagnosticsManager]   RelationshipGroupStore v0.A.9
2019-08-15 03:14:33.374+0000 INFO [o.n.k.i.DiagnosticsManager]   NeoStore v0.A.9
2019-08-15 03:14:33.374+0000 INFO [o.n.k.i.DiagnosticsManager] --- STARTED diagnostics for NEO_STORE_VERSIONS END ---
2019-08-15 03:14:33.374+0000 INFO [o.n.k.i.DiagnosticsManager] --- STARTED diagnostics for NEO_STORE_ID_USAGE START ---
2019-08-15 03:14:33.374+0000 INFO [o.n.k.i.DiagnosticsManager] Id usage:
2019-08-15 03:14:33.374+0000 INFO [o.n.k.i.DiagnosticsManager] Id usage:
2019-08-15 03:14:33.375+0000 INFO [o.n.k.i.DiagnosticsManager]   ArrayPropertyStore: used=1 high=0
2019-08-15 03:14:33.375+0000 INFO [o.n.k.i.DiagnosticsManager]   NodeStore: used=0 high=-1
2019-08-15 03:14:33.375+0000 INFO [o.n.k.i.DiagnosticsManager]   StringPropertyStore: used=1 high=0
2019-08-15 03:14:33.375+0000 INFO [o.n.k.i.DiagnosticsManager]   PropertyIndexStore: used=0 high=-1
2019-08-15 03:14:33.375+0000 INFO [o.n.k.i.DiagnosticsManager]   StringPropertyStore: used=1 high=0
2019-08-15 03:14:33.375+0000 INFO [o.n.k.i.DiagnosticsManager]   ArrayPropertyStore: used=1 high=0
2019-08-15 03:14:33.375+0000 INFO [o.n.k.i.DiagnosticsManager]   PropertyStore: used=0 high=-1
2019-08-15 03:14:33.376+0000 INFO [o.n.k.i.DiagnosticsManager]   RelationshipStore: used=0 high=-1
2019-08-15 03:14:33.376+0000 INFO [o.n.k.i.DiagnosticsManager]   StringPropertyStore: used=1 high=0
2019-08-15 03:14:33.376+0000 INFO [o.n.k.i.DiagnosticsManager]   RelationshipTypeStore: used=0 high=-1
2019-08-15 03:14:33.376+0000 INFO [o.n.k.i.DiagnosticsManager]   StringPropertyStore: used=1 high=0
2019-08-15 03:14:33.376+0000 INFO [o.n.k.i.DiagnosticsManager]   LabelTokenStore: used=0 high=-1
2019-08-15 03:14:33.376+0000 INFO [o.n.k.i.DiagnosticsManager]   SchemaStore: used=1 high=0
2019-08-15 03:14:33.376+0000 INFO [o.n.k.i.DiagnosticsManager]   RelationshipGroupStore: used=1 high=0
2019-08-15 03:14:33.376+0000 INFO [o.n.k.i.DiagnosticsManager]   NeoStore: used=15 high=14
2019-08-15 03:14:33.376+0000 INFO [o.n.k.i.DiagnosticsManager] --- STARTED diagnostics for NEO_STORE_ID_USAGE END ---
2019-08-15 03:14:33.376+0000 INFO [o.n.k.i.DiagnosticsManager] --- STARTED diagnostics for NEO_STORE_RECORDS START ---
2019-08-15 03:14:33.376+0000 INFO [o.n.k.i.DiagnosticsManager] Neostore records:
2019-08-15 03:14:33.377+0000 INFO [o.n.k.i.DiagnosticsManager] TIME (Creation time): 1565838872657
2019-08-15 03:14:33.377+0000 INFO [o.n.k.i.DiagnosticsManager] RANDOM_NUMBER (Random number for store id): 8613284189029822143
2019-08-15 03:14:33.377+0000 INFO [o.n.k.i.DiagnosticsManager] LOG_VERSION (Current log version): 0
2019-08-15 03:14:33.377+0000 INFO [o.n.k.i.DiagnosticsManager] LAST_TRANSACTION_ID (Last committed transaction): 1
2019-08-15 03:14:33.377+0000 INFO [o.n.k.i.DiagnosticsManager] STORE_VERSION (Store format version): 16094931155187206
2019-08-15 03:14:33.378+0000 INFO [o.n.k.i.DiagnosticsManager] FIRST_GRAPH_PROPERTY (First property record containing graph properties): -1
2019-08-15 03:14:33.378+0000 INFO [o.n.k.i.DiagnosticsManager] LAST_CONSTRAINT_TRANSACTION (Last committed transaction containing constraint changes): 0
2019-08-15 03:14:33.378+0000 INFO [o.n.k.i.DiagnosticsManager] UPGRADE_TRANSACTION_ID (Transaction id most recent upgrade was performed at): 1
2019-08-15 03:14:33.378+0000 INFO [o.n.k.i.DiagnosticsManager] UPGRADE_TIME (Time of last upgrade): 1565838872657
2019-08-15 03:14:33.378+0000 INFO [o.n.k.i.DiagnosticsManager] LAST_TRANSACTION_CHECKSUM (Checksum of last committed transaction): 0
2019-08-15 03:14:33.378+0000 INFO [o.n.k.i.DiagnosticsManager] UPGRADE_TRANSACTION_CHECKSUM (Checksum of transaction id the most recent upgrade was performed at): 0
2019-08-15 03:14:33.378+0000 INFO [o.n.k.i.DiagnosticsManager] LAST_CLOSED_TRANSACTION_LOG_VERSION (Log version where the last transaction commit entry has been written into): 0
2019-08-15 03:14:33.378+0000 INFO [o.n.k.i.DiagnosticsManager] LAST_CLOSED_TRANSACTION_LOG_BYTE_OFFSET (Byte offset in the log file where the last transaction commit entry has been written into): 16
2019-08-15 03:14:33.378+0000 INFO [o.n.k.i.DiagnosticsManager] LAST_TRANSACTION_COMMIT_TIMESTAMP (Commit time timestamp for last committed transaction): 0
2019-08-15 03:14:33.378+0000 INFO [o.n.k.i.DiagnosticsManager] UPGRADE_TRANSACTION_COMMIT_TIMESTAMP (Commit timestamp of transaction the most recent upgrade was performed at): 0
2019-08-15 03:14:33.378+0000 INFO [o.n.k.i.DiagnosticsManager] --- STARTED diagnostics for NEO_STORE_RECORDS END ---
2019-08-15 03:14:33.379+0000 INFO [o.n.k.i.DiagnosticsManager] --- STARTED diagnostics for TRANSACTION_RANGE START ---
2019-08-15 03:14:33.379+0000 INFO [o.n.k.i.DiagnosticsManager] Transaction log:
2019-08-15 03:14:33.380+0000 INFO [o.n.k.i.DiagnosticsManager] No transactions found in any log
2019-08-15 03:14:33.380+0000 INFO [o.n.k.i.DiagnosticsManager] --- STARTED diagnostics for TRANSACTION_RANGE END ---
2019-08-15 03:14:33.383+0000 INFO [o.n.k.i.DiagnosticsManager] --- STARTED diagnostics for KernelDiagnostics:StoreFiles START ---
2019-08-15 03:14:33.384+0000 INFO [o.n.k.i.DiagnosticsManager] Disk space on partition (Total / Free / Free %): 121018208256 / 20137439232 / 16
2019-08-15 03:14:33.384+0000 INFO [o.n.k.i.DiagnosticsManager] Storage files: (filename : modification date - size)
2019-08-15 03:14:33.385+0000 INFO [o.n.k.i.DiagnosticsManager]   index:
2019-08-15 03:14:33.386+0000 INFO [o.n.k.i.DiagnosticsManager]   - Total: 2019-08-15T13:14:32+1000 - 0.00 B
2019-08-15 03:14:33.386+0000 INFO [o.n.k.i.DiagnosticsManager]   logs:
2019-08-15 03:14:33.386+0000 INFO [o.n.k.i.DiagnosticsManager]     debug.log: 2019-08-15T13:14:33+1000 - 42.82 kB
2019-08-15 03:14:33.386+0000 INFO [o.n.k.i.DiagnosticsManager]   - Total: 2019-08-15T13:14:31+1000 - 42.82 kB
2019-08-15 03:14:33.387+0000 INFO [o.n.k.i.DiagnosticsManager]   neostore: 2019-08-15T13:14:32+1000 - 8.00 kB
2019-08-15 03:14:33.387+0000 INFO [o.n.k.i.DiagnosticsManager]   neostore.counts.db.a: 2019-08-15T13:14:32+1000 - 96.00 B
2019-08-15 03:14:33.387+0000 INFO [o.n.k.i.DiagnosticsManager]   neostore.id: 2019-08-15T13:14:32+1000 - 9.00 B
2019-08-15 03:14:33.387+0000 INFO [o.n.k.i.DiagnosticsManager]   neostore.labelscanstore.db: 2019-08-15T13:14:32+1000 - 40.00 kB
2019-08-15 03:14:33.387+0000 INFO [o.n.k.i.DiagnosticsManager]   neostore.labeltokenstore.db: 2019-08-15T13:14:32+1000 - 0.00 B
2019-08-15 03:14:33.387+0000 INFO [o.n.k.i.DiagnosticsManager]   neostore.labeltokenstore.db.id: 2019-08-15T13:14:32+1000 - 9.00 B
2019-08-15 03:14:33.388+0000 INFO [o.n.k.i.DiagnosticsManager]   neostore.labeltokenstore.db.names: 2019-08-15T13:14:32+1000 - 8.00 kB
2019-08-15 03:14:33.388+0000 INFO [o.n.k.i.DiagnosticsManager]   neostore.labeltokenstore.db.names.id: 2019-08-15T13:14:32+1000 - 9.00 B
2019-08-15 03:14:33.388+0000 INFO [o.n.k.i.DiagnosticsManager]   neostore.nodestore.db: 2019-08-15T13:14:32+1000 - 0.00 B
2019-08-15 03:14:33.388+0000 INFO [o.n.k.i.DiagnosticsManager]   neostore.nodestore.db.id: 2019-08-15T13:14:32+1000 - 9.00 B
2019-08-15 03:14:33.388+0000 INFO [o.n.k.i.DiagnosticsManager]   neostore.nodestore.db.labels: 2019-08-15T13:14:32+1000 - 8.00 kB
2019-08-15 03:14:33.388+0000 INFO [o.n.k.i.DiagnosticsManager]   neostore.nodestore.db.labels.id: 2019-08-15T13:14:32+1000 - 9.00 B
2019-08-15 03:14:33.388+0000 INFO [o.n.k.i.DiagnosticsManager]   neostore.propertystore.db: 2019-08-15T13:14:32+1000 - 0.00 B
2019-08-15 03:14:33.389+0000 INFO [o.n.k.i.DiagnosticsManager]   neostore.propertystore.db.arrays: 2019-08-15T13:14:32+1000 - 8.00 kB
2019-08-15 03:14:33.389+0000 INFO [o.n.k.i.DiagnosticsManager]   neostore.propertystore.db.arrays.id: 2019-08-15T13:14:32+1000 - 9.00 B
2019-08-15 03:14:33.389+0000 INFO [o.n.k.i.DiagnosticsManager]   neostore.propertystore.db.id: 2019-08-15T13:14:32+1000 - 9.00 B
2019-08-15 03:14:33.389+0000 INFO [o.n.k.i.DiagnosticsManager]   neostore.propertystore.db.index: 2019-08-15T13:14:32+1000 - 0.00 B
2019-08-15 03:14:33.390+0000 INFO [o.n.k.i.DiagnosticsManager]   neostore.propertystore.db.index.id: 2019-08-15T13:14:32+1000 - 9.00 B
2019-08-15 03:14:33.390+0000 INFO [o.n.k.i.DiagnosticsManager]   neostore.propertystore.db.index.keys: 2019-08-15T13:14:32+1000 - 8.00 kB
2019-08-15 03:14:33.390+0000 INFO [o.n.k.i.DiagnosticsManager]   neostore.propertystore.db.index.keys.id: 2019-08-15T13:14:32+1000 - 9.00 B
2019-08-15 03:14:33.390+0000 INFO [o.n.k.i.DiagnosticsManager]   neostore.propertystore.db.strings: 2019-08-15T13:14:32+1000 - 8.00 kB
2019-08-15 03:14:33.390+0000 INFO [o.n.k.i.DiagnosticsManager]   neostore.propertystore.db.strings.id: 2019-08-15T13:14:32+1000 - 9.00 B
2019-08-15 03:14:33.391+0000 INFO [o.n.k.i.DiagnosticsManager]   neostore.relationshipgroupstore.db: 2019-08-15T13:14:32+1000 - 8.00 kB
2019-08-15 03:14:33.391+0000 INFO [o.n.k.i.DiagnosticsManager]   neostore.relationshipgroupstore.db.id: 2019-08-15T13:14:32+1000 - 9.00 B
2019-08-15 03:14:33.391+0000 INFO [o.n.k.i.DiagnosticsManager]   neostore.relationshipstore.db: 2019-08-15T13:14:32+1000 - 0.00 B
2019-08-15 03:14:33.391+0000 INFO [o.n.k.i.DiagnosticsManager]   neostore.relationshipstore.db.id: 2019-08-15T13:14:32+1000 - 9.00 B
2019-08-15 03:14:33.391+0000 INFO [o.n.k.i.DiagnosticsManager]   neostore.relationshiptypestore.db: 2019-08-15T13:14:32+1000 - 0.00 B
2019-08-15 03:14:33.392+0000 INFO [o.n.k.i.DiagnosticsManager]   neostore.relationshiptypestore.db.id: 2019-08-15T13:14:32+1000 - 9.00 B
2019-08-15 03:14:33.392+0000 INFO [o.n.k.i.DiagnosticsManager]   neostore.relationshiptypestore.db.names: 2019-08-15T13:14:32+1000 - 8.00 kB
2019-08-15 03:14:33.392+0000 INFO [o.n.k.i.DiagnosticsManager]   neostore.relationshiptypestore.db.names.id: 2019-08-15T13:14:32+1000 - 9.00 B
2019-08-15 03:14:33.392+0000 INFO [o.n.k.i.DiagnosticsManager]   neostore.schemastore.db: 2019-08-15T13:14:32+1000 - 8.00 kB
2019-08-15 03:14:33.392+0000 INFO [o.n.k.i.DiagnosticsManager]   neostore.schemastore.db.id: 2019-08-15T13:14:32+1000 - 9.00 B
2019-08-15 03:14:33.392+0000 INFO [o.n.k.i.DiagnosticsManager]   neostore.transaction.db.0: 2019-08-15T13:14:32+1000 - 16.00 B
2019-08-15 03:14:33.392+0000 INFO [o.n.k.i.DiagnosticsManager]   store_lock: 2019-08-15T13:14:32+1000 - 0.00 B
2019-08-15 03:14:33.392+0000 INFO [o.n.k.i.DiagnosticsManager] Storage summary: 
2019-08-15 03:14:33.392+0000 INFO [o.n.k.i.DiagnosticsManager]   Total size of store: 155.06 kB
2019-08-15 03:14:33.393+0000 INFO [o.n.k.i.DiagnosticsManager]   Total size of mapped files: 112.00 kB
2019-08-15 03:14:33.393+0000 INFO [o.n.k.i.DiagnosticsManager] --- STARTED diagnostics for KernelDiagnostics:StoreFiles END ---
